0 info it worked if it ends with ok
1 verbose cli [ 'C:\\Program Files\\nodejs\\node.exe',
1 verbose cli   'C:\\Program Files\\nodejs\\node_modules\\npm\\bin\\npm-cli.js',
1 verbose cli   'start' ]
2 info using npm@3.10.8
3 info using node@v6.9.1
4 verbose run-script [ 'prestart', 'start', 'poststart' ]
5 info lifecycle LoactionApp1@0.0.1~prestart: LoactionApp1@0.0.1
6 silly lifecycle LoactionApp1@0.0.1~prestart: no script for prestart, continuing
7 info lifecycle LoactionApp1@0.0.1~start: LoactionApp1@0.0.1
8 verbose lifecycle LoactionApp1@0.0.1~start: unsafe-perm in lifecycle true
9 verbose lifecycle LoactionApp1@0.0.1~start: PATH: C:\Program Files\nodejs\node_modules\npm\bin\node-gyp-bin;E:\个人\React Native\LoactionApp\LoactionApp1\node_modules\.bin;C:\Python27\;C:\Python27\Scripts;C:\Program Files\Java\jdk1.8.0_111\bin;C:\ProgramData\Oracle\Java\javapath;C:\Program Files\Java\jdk1.8.0_111\bin;C:\Program Files\Java\jdk1.8.0_111\jre\bin;C:\Program Files\Broadcom\Broadcom 802.11\Driver;C:\Program Files\Java\jdk1.8.0_111\bin;C:\windows\system32;C:\windows;C:\windows\System32\Wbem;C:\windows\System32\WindowsPowerShell\v1.0\;C:\MATLAB7\bin\win32;C:\Program Files\TortoiseSVN\bin;C:\Program Files\nodejs\;%USERPROFILE%\.dnx\bin;C:\Program Files\Microsoft DNX\Dnvm\;C:\Users\Administrator\AppData\Local\Android\sdk\platform-tools\;C:\Users\Administrator\AppData\Local\Android\sdk\tools;C:\Users\Administrator\AppData\Local\Android\sdk\platform-tools;C:\Wind\Wind.NET.Client\WindNET\bin\;C:\Users\Administrator\AppData\Roaming\npm;C:\Program Files\Microsoft VS Code\bin
10 verbose lifecycle LoactionApp1@0.0.1~start: CWD: E:\个人\React Native\LoactionApp\LoactionApp1
11 silly lifecycle LoactionApp1@0.0.1~start: Args: [ '/d /s /c',
11 silly lifecycle   'node node_modules/react-native/local-cli/cli.js start' ]
12 silly lifecycle LoactionApp1@0.0.1~start: Returned: code: 3221225786  signal: null
13 info lifecycle LoactionApp1@0.0.1~start: Failed to exec start script
14 verbose stack Error: LoactionApp1@0.0.1 start: `node node_modules/react-native/local-cli/cli.js start`
14 verbose stack Exit status 3221225786
14 verbose stack     at EventEmitter.<anonymous> (C:\Program Files\nodejs\node_modules\npm\lib\utils\lifecycle.js:255:16)
14 verbose stack     at emitTwo (events.js:106:13)
14 verbose stack     at EventEmitter.emit (events.js:191:7)
14 verbose stack     at ChildProcess.<anonymous> (C:\Program Files\nodejs\node_modules\npm\lib\utils\spawn.js:40:14)
14 verbose stack     at emitTwo (events.js:106:13)
14 verbose stack     at ChildProcess.emit (events.js:191:7)
14 verbose stack     at maybeClose (internal/child_process.js:877:16)
14 verbose stack     at Process.ChildProcess._handle.onexit (internal/child_process.js:226:5)
15 verbose pkgid LoactionApp1@0.0.1
16 verbose cwd E:\个人\React Native\LoactionApp\LoactionApp1
17 error Windows_NT 6.1.7601
18 error argv "C:\\Program Files\\nodejs\\node.exe" "C:\\Program Files\\nodejs\\node_modules\\npm\\bin\\npm-cli.js" "start"
19 error node v6.9.1
20 error npm  v3.10.8
21 error code ELIFECYCLE
22 error LoactionApp1@0.0.1 start: `node node_modules/react-native/local-cli/cli.js start`
22 error Exit status 3221225786
23 error Failed at the LoactionApp1@0.0.1 start script 'node node_modules/react-native/local-cli/cli.js start'.
23 error Make sure you have the latest version of node.js and npm installed.
23 error If you do, this is most likely a problem with the LoactionApp1 package,
23 error not with npm itself.
23 error Tell the author that this fails on your system:
23 error     node node_modules/react-native/local-cli/cli.js start
23 error You can get information on how to open an issue for this project with:
23 error     npm bugs LoactionApp1
23 error Or if that isn't available, you can get their info via:
23 error     npm owner ls LoactionApp1
23 error There is likely additional logging output above.
24 verbose exit [ 1, true ]
